<?xml version="1.0" encoding="UTF-8"?>
<!-- Generated by org.testng.reporters.JUnitReportReporter -->
<testsuite skipped="0" hostname="QSP-012" name="com.shop.test.logintest" tests="1" failures="0" timestamp="09 Nov 2017 10:59:01 GMT" time="145.454" errors="0">
  <testcase name="testlogin" time="145.454" classname="com.shop.test.logintest"/>
</testsuite> <!-- com.shop.test.logintest -->
